{"name": "test_password_field_activation_on_show_password_click[firefox]", "status": "broken", "statusDetails": {"message": "selenium.common.exceptions.ElementClickInterceptedException: Message: Element <button class=\"button_button__33qZ0 button_button_type_primary__1O7Bx button_button_size_medium__3zxIa\"> is not clickable at point (640,461) because another element <div class=\"Modal_modal_overlay__x2ZCr\"> obscures it\nStacktrace:\nRemoteError@chrome://remote/content/shared/RemoteError.sys.mjs:8:8\nWebDriverError@chrome://remote/content/shared/webdriver/Errors.sys.mjs:193:5\nElementClickInterceptedError@chrome://remote/content/shared/webdriver/Errors.sys.mjs:337:5\nwebdriverClickElement@chrome://remote/content/marionette/interaction.sys.mjs:177:11\ninteraction.clickElement@chrome://remote/content/marionette/interaction.sys.mjs:136:11\nclickElement@chrome://remote/content/marionette/actors/MarionetteCommandsChild.sys.mjs:205:29\nreceiveMessage@chrome://remote/content/marionette/actors/MarionetteCommandsChild.sys.mjs:85:31", "trace": "self = <tests.test_forgot_password_page.TestForgotPasswordPage object at 0x102a264f0>\ndriver = <selenium.webdriver.firefox.webdriver.WebDriver (session=\"bf4d3359-b1cf-42ce-834e-499e5bbb5b5b\")>\nrandom_user_data = {'email': 'hsvzugrq@test.com', 'name': 'b10hgb', 'password': 'f1jb0ts08i'}\n\n    @allure.step(\"Проверить активацию поля пароля при клике на кнопку 'Показать пароль'\")\n    def test_password_field_activation_on_show_password_click(self, driver, random_user_data):\n        forgot_password_page = ForgotPasswordPage(driver)\n        forgot_password_page.open()\n    \n        forgot_password_page.fill_the_email_field(random_user_data['email'])\n>       forgot_password_page.click_to_the_save_button()\n\ntests/test_forgot_password_page.py:27: \n_ _ _ _ _ _ _ _ _ _ _ _ _ _ _ _ _ _ _ _ _ _ _ _ _ _ _ _ _ _ _ _ _ _ _ _ _ _ _ _ _ _ _ _ _ _ _ _ _ _ _ _ _ _ _ _ _ _ _ _ _ _ _ _ _ _ _ _ _ _ _ _ _ _ _ _ _ _ _ _ _ _\npages/forgot_password_page.py:19: in click_to_the_save_button\n    self.click_to_element(ForgotPasswordPageLocators.SAVE_BUTTON)\npages/base_page.py:26: in click_to_element\n    self.driver.find_element(*locator).click()\n../../../pycharm_project/qa_python4/.venv/lib/python3.9/site-packages/selenium/webdriver/remote/webelement.py:94: in click\n    self._execute(Command.CLICK_ELEMENT)\n../../../pycharm_project/qa_python4/.venv/lib/python3.9/site-packages/selenium/webdriver/remote/webelement.py:395: in _execute\n    return self._parent.execute(command, params)\n../../../pycharm_project/qa_python4/.venv/lib/python3.9/site-packages/selenium/webdriver/remote/webdriver.py:354: in execute\n    self.error_handler.check_response(response)\n_ _ _ _ _ _ _ _ _ _ _ _ _ _ _ _ _ _ _ _ _ _ _ _ _ _ _ _ _ _ _ _ _ _ _ _ _ _ _ _ _ _ _ _ _ _ _ _ _ _ _ _ _ _ _ _ _ _ _ _ _ _ _ _ _ _ _ _ _ _ _ _ _ _ _ _ _ _ _ _ _ _\n\nself = <selenium.webdriver.remote.errorhandler.ErrorHandler object at 0x102a7aa00>\nresponse = {'status': 400, 'value': '{\"value\":{\"error\":\"element click intercepted\",\"message\":\"Element <button class=\\\\\"button_but...sys.mjs:205:29\\\\nreceiveMessage@chrome://remote/content/marionette/actors/MarionetteCommandsChild.sys.mjs:85:31\\\\n\"}}'}\n\n    def check_response(self, response: Dict[str, Any]) -> None:\n        \"\"\"Checks that a JSON response from the WebDriver does not have an\n        error.\n    \n        :Args:\n         - response - The JSON response from the WebDriver server as a dictionary\n           object.\n    \n        :Raises: If the response contains an error message.\n        \"\"\"\n        status = response.get(\"status\", None)\n        if not status or status == ErrorCode.SUCCESS:\n            return\n        value = None\n        message = response.get(\"message\", \"\")\n        screen: str = response.get(\"screen\", \"\")\n        stacktrace = None\n        if isinstance(status, int):\n            value_json = response.get(\"value\", None)\n            if value_json and isinstance(value_json, str):\n                import json\n    \n                try:\n                    value = json.loads(value_json)\n                    if len(value) == 1:\n                        value = value[\"value\"]\n                    status = value.get(\"error\", None)\n                    if not status:\n                        status = value.get(\"status\", ErrorCode.UNKNOWN_ERROR)\n                        message = value.get(\"value\") or value.get(\"message\")\n                        if not isinstance(message, str):\n                            value = message\n                            message = message.get(\"message\")\n                    else:\n                        message = value.get(\"message\", None)\n                except ValueError:\n                    pass\n    \n        exception_class: Type[WebDriverException]\n        e = ErrorCode()\n        error_codes = [item for item in dir(e) if not item.startswith(\"__\")]\n        for error_code in error_codes:\n            error_info = getattr(ErrorCode, error_code)\n            if isinstance(error_info, list) and status in error_info:\n                exception_class = getattr(ExceptionMapping, error_code, WebDriverException)\n                break\n        else:\n            exception_class = WebDriverException\n    \n        if not value:\n            value = response[\"value\"]\n        if isinstance(value, str):\n            raise exception_class(value)\n        if message == \"\" and \"message\" in value:\n            message = value[\"message\"]\n    \n        screen = None  # type: ignore[assignment]\n        if \"screen\" in value:\n            screen = value[\"screen\"]\n    \n        stacktrace = None\n        st_value = value.get(\"stackTrace\") or value.get(\"stacktrace\")\n        if st_value:\n            if isinstance(st_value, str):\n                stacktrace = st_value.split(\"\\n\")\n            else:\n                stacktrace = []\n                try:\n                    for frame in st_value:\n                        line = frame.get(\"lineNumber\", \"\")\n                        file = frame.get(\"fileName\", \"<anonymous>\")\n                        if line:\n                            file = f\"{file}:{line}\"\n                        meth = frame.get(\"methodName\", \"<anonymous>\")\n                        if \"className\" in frame:\n                            meth = f\"{frame['className']}.{meth}\"\n                        msg = \"    at %s (%s)\"\n                        msg = msg % (meth, file)\n                        stacktrace.append(msg)\n                except TypeError:\n                    pass\n        if exception_class == UnexpectedAlertPresentException:\n            alert_text = None\n            if \"data\" in value:\n                alert_text = value[\"data\"].get(\"text\")\n            elif \"alert\" in value:\n                alert_text = value[\"alert\"].get(\"text\")\n            raise exception_class(message, screen, stacktrace, alert_text)  # type: ignore[call-arg]  # mypy is not smart enough here\n>       raise exception_class(message, screen, stacktrace)\nE       selenium.common.exceptions.ElementClickInterceptedException: Message: Element <button class=\"button_button__33qZ0 button_button_type_primary__1O7Bx button_button_size_medium__3zxIa\"> is not clickable at point (640,461) because another element <div class=\"Modal_modal_overlay__x2ZCr\"> obscures it\nE       Stacktrace:\nE       RemoteError@chrome://remote/content/shared/RemoteError.sys.mjs:8:8\nE       WebDriverError@chrome://remote/content/shared/webdriver/Errors.sys.mjs:193:5\nE       ElementClickInterceptedError@chrome://remote/content/shared/webdriver/Errors.sys.mjs:337:5\nE       webdriverClickElement@chrome://remote/content/marionette/interaction.sys.mjs:177:11\nE       interaction.clickElement@chrome://remote/content/marionette/interaction.sys.mjs:136:11\nE       clickElement@chrome://remote/content/marionette/actors/MarionetteCommandsChild.sys.mjs:205:29\nE       receiveMessage@chrome://remote/content/marionette/actors/MarionetteCommandsChild.sys.mjs:85:31\n\n../../../pycharm_project/qa_python4/.venv/lib/python3.9/site-packages/selenium/webdriver/remote/errorhandler.py:229: ElementClickInterceptedException"}, "steps": [{"name": "Проверить активацию поля пароля при клике на кнопку 'Показать пароль'", "status": "broken", "statusDetails": {"message": "selenium.common.exceptions.ElementClickInterceptedException: Message: Element <button class=\"button_button__33qZ0 button_button_type_primary__1O7Bx button_button_size_medium__3zxIa\"> is not clickable at point (640,461) because another element <div class=\"Modal_modal_overlay__x2ZCr\"> obscures it\nStacktrace:\nRemoteError@chrome://remote/content/shared/RemoteError.sys.mjs:8:8\nWebDriverError@chrome://remote/content/shared/webdriver/Errors.sys.mjs:193:5\nElementClickInterceptedError@chrome://remote/content/shared/webdriver/Errors.sys.mjs:337:5\nwebdriverClickElement@chrome://remote/content/marionette/interaction.sys.mjs:177:11\ninteraction.clickElement@chrome://remote/content/marionette/interaction.sys.mjs:136:11\nclickElement@chrome://remote/content/marionette/actors/MarionetteCommandsChild.sys.mjs:205:29\nreceiveMessage@chrome://remote/content/marionette/actors/MarionetteCommandsChild.sys.mjs:85:31\n\n", "trace": "  File \"/Users/oxanaklimocheva/Documents/pycharm_project/qa_python4/.venv/lib/python3.9/site-packages/allure_commons/_allure.py\", line 192, in impl\n    return func(*a, **kw)\n  File \"/Users/oxanaklimocheva/Documents/yandex/diplom/diplom_UI/tests/test_forgot_password_page.py\", line 27, in test_password_field_activation_on_show_password_click\n    forgot_password_page.click_to_the_save_button()\n  File \"/Users/oxanaklimocheva/Documents/pycharm_project/qa_python4/.venv/lib/python3.9/site-packages/allure_commons/_allure.py\", line 192, in impl\n    return func(*a, **kw)\n  File \"/Users/oxanaklimocheva/Documents/yandex/diplom/diplom_UI/pages/forgot_password_page.py\", line 19, in click_to_the_save_button\n    self.click_to_element(ForgotPasswordPageLocators.SAVE_BUTTON)\n  File \"/Users/oxanaklimocheva/Documents/pycharm_project/qa_python4/.venv/lib/python3.9/site-packages/allure_commons/_allure.py\", line 192, in impl\n    return func(*a, **kw)\n  File \"/Users/oxanaklimocheva/Documents/yandex/diplom/diplom_UI/pages/base_page.py\", line 26, in click_to_element\n    self.driver.find_element(*locator).click()\n  File \"/Users/oxanaklimocheva/Documents/pycharm_project/qa_python4/.venv/lib/python3.9/site-packages/selenium/webdriver/remote/webelement.py\", line 94, in click\n    self._execute(Command.CLICK_ELEMENT)\n  File \"/Users/oxanaklimocheva/Documents/pycharm_project/qa_python4/.venv/lib/python3.9/site-packages/selenium/webdriver/remote/webelement.py\", line 395, in _execute\n    return self._parent.execute(command, params)\n  File \"/Users/oxanaklimocheva/Documents/pycharm_project/qa_python4/.venv/lib/python3.9/site-packages/selenium/webdriver/remote/webdriver.py\", line 354, in execute\n    self.error_handler.check_response(response)\n  File \"/Users/oxanaklimocheva/Documents/pycharm_project/qa_python4/.venv/lib/python3.9/site-packages/selenium/webdriver/remote/errorhandler.py\", line 229, in check_response\n    raise exception_class(message, screen, stacktrace)\n"}, "steps": [{"name": "Открыть страницу восстановления пароля", "status": "passed", "steps": [{"name": "Открыть страницу: 'https://stellarburgers.nomoreparties.site/forgot-password'", "status": "passed", "parameters": [{"name": "url", "value": "'https://stellarburgers.nomoreparties.site/forgot-password'"}], "start": 1736699996687, "stop": 1736699998022}], "start": 1736699996687, "stop": 1736699998022}, {"name": "Заполнить поле email: 'hsvzugrq@test.com'", "status": "passed", "steps": [{"name": "Добавить текст ''hsvzugrq@test.com'' в элемент: ('xpath', '//*[@id=\"root\"]/div/main/div/form/fieldset/div/div/input')", "status": "passed", "steps": [{"name": "Найти элемент с ожиданием: ('xpath', '//*[@id=\"root\"]/div/main/div/form/fieldset/div/div/input')", "status": "passed", "parameters": [{"name": "locator", "value": "('xpath', '//*[@id=\"root\"]/div/main/div/form/fieldset/div/div/input')"}], "start": 1736699998022, "stop": 1736699998047}], "parameters": [{"name": "locator", "value": "('xpath', '//*[@id=\"root\"]/div/main/div/form/fieldset/div/div/input')"}, {"name": "text", "value": "'hsvzugrq@test.com'"}], "start": 1736699998022, "stop": 1736699998097}], "parameters": [{"name": "email", "value": "'hsvzugrq@test.com'"}], "start": 1736699998022, "stop": 1736699998097}, {"name": "Нажать на кнопку сохранения", "status": "broken", "statusDetails": {"message": "selenium.common.exceptions.ElementClickInterceptedException: Message: Element <button class=\"button_button__33qZ0 button_button_type_primary__1O7Bx button_button_size_medium__3zxIa\"> is not clickable at point (640,461) because another element <div class=\"Modal_modal_overlay__x2ZCr\"> obscures it\nStacktrace:\nRemoteError@chrome://remote/content/shared/RemoteError.sys.mjs:8:8\nWebDriverError@chrome://remote/content/shared/webdriver/Errors.sys.mjs:193:5\nElementClickInterceptedError@chrome://remote/content/shared/webdriver/Errors.sys.mjs:337:5\nwebdriverClickElement@chrome://remote/content/marionette/interaction.sys.mjs:177:11\ninteraction.clickElement@chrome://remote/content/marionette/interaction.sys.mjs:136:11\nclickElement@chrome://remote/content/marionette/actors/MarionetteCommandsChild.sys.mjs:205:29\nreceiveMessage@chrome://remote/content/marionette/actors/MarionetteCommandsChild.sys.mjs:85:31\n\n", "trace": "  File \"/Users/oxanaklimocheva/Documents/pycharm_project/qa_python4/.venv/lib/python3.9/site-packages/allure_commons/_allure.py\", line 192, in impl\n    return func(*a, **kw)\n  File \"/Users/oxanaklimocheva/Documents/yandex/diplom/diplom_UI/pages/forgot_password_page.py\", line 19, in click_to_the_save_button\n    self.click_to_element(ForgotPasswordPageLocators.SAVE_BUTTON)\n  File \"/Users/oxanaklimocheva/Documents/pycharm_project/qa_python4/.venv/lib/python3.9/site-packages/allure_commons/_allure.py\", line 192, in impl\n    return func(*a, **kw)\n  File \"/Users/oxanaklimocheva/Documents/yandex/diplom/diplom_UI/pages/base_page.py\", line 26, in click_to_element\n    self.driver.find_element(*locator).click()\n  File \"/Users/oxanaklimocheva/Documents/pycharm_project/qa_python4/.venv/lib/python3.9/site-packages/selenium/webdriver/remote/webelement.py\", line 94, in click\n    self._execute(Command.CLICK_ELEMENT)\n  File \"/Users/oxanaklimocheva/Documents/pycharm_project/qa_python4/.venv/lib/python3.9/site-packages/selenium/webdriver/remote/webelement.py\", line 395, in _execute\n    return self._parent.execute(command, params)\n  File \"/Users/oxanaklimocheva/Documents/pycharm_project/qa_python4/.venv/lib/python3.9/site-packages/selenium/webdriver/remote/webdriver.py\", line 354, in execute\n    self.error_handler.check_response(response)\n  File \"/Users/oxanaklimocheva/Documents/pycharm_project/qa_python4/.venv/lib/python3.9/site-packages/selenium/webdriver/remote/errorhandler.py\", line 229, in check_response\n    raise exception_class(message, screen, stacktrace)\n"}, "steps": [{"name": "Кликнуть по элементу: ('xpath', '//*[@id=\"root\"]/div/main/div/form/button[text() = \"Восстановить\"]')", "status": "broken", "statusDetails": {"message": "selenium.common.exceptions.ElementClickInterceptedException: Message: Element <button class=\"button_button__33qZ0 button_button_type_primary__1O7Bx button_button_size_medium__3zxIa\"> is not clickable at point (640,461) because another element <div class=\"Modal_modal_overlay__x2ZCr\"> obscures it\nStacktrace:\nRemoteError@chrome://remote/content/shared/RemoteError.sys.mjs:8:8\nWebDriverError@chrome://remote/content/shared/webdriver/Errors.sys.mjs:193:5\nElementClickInterceptedError@chrome://remote/content/shared/webdriver/Errors.sys.mjs:337:5\nwebdriverClickElement@chrome://remote/content/marionette/interaction.sys.mjs:177:11\ninteraction.clickElement@chrome://remote/content/marionette/interaction.sys.mjs:136:11\nclickElement@chrome://remote/content/marionette/actors/MarionetteCommandsChild.sys.mjs:205:29\nreceiveMessage@chrome://remote/content/marionette/actors/MarionetteCommandsChild.sys.mjs:85:31\n\n", "trace": "  File \"/Users/oxanaklimocheva/Documents/pycharm_project/qa_python4/.venv/lib/python3.9/site-packages/allure_commons/_allure.py\", line 192, in impl\n    return func(*a, **kw)\n  File \"/Users/oxanaklimocheva/Documents/yandex/diplom/diplom_UI/pages/base_page.py\", line 26, in click_to_element\n    self.driver.find_element(*locator).click()\n  File \"/Users/oxanaklimocheva/Documents/pycharm_project/qa_python4/.venv/lib/python3.9/site-packages/selenium/webdriver/remote/webelement.py\", line 94, in click\n    self._execute(Command.CLICK_ELEMENT)\n  File \"/Users/oxanaklimocheva/Documents/pycharm_project/qa_python4/.venv/lib/python3.9/site-packages/selenium/webdriver/remote/webelement.py\", line 395, in _execute\n    return self._parent.execute(command, params)\n  File \"/Users/oxanaklimocheva/Documents/pycharm_project/qa_python4/.venv/lib/python3.9/site-packages/selenium/webdriver/remote/webdriver.py\", line 354, in execute\n    self.error_handler.check_response(response)\n  File \"/Users/oxanaklimocheva/Documents/pycharm_project/qa_python4/.venv/lib/python3.9/site-packages/selenium/webdriver/remote/errorhandler.py\", line 229, in check_response\n    raise exception_class(message, screen, stacktrace)\n"}, "parameters": [{"name": "locator", "value": "('xpath', '//*[@id=\"root\"]/div/main/div/form/button[text() = \"Восстановить\"]')"}], "start": 1736699998097, "stop": 1736699998109}], "start": 1736699998097, "stop": 1736699998117}], "parameters": [{"name": "driver", "value": "<selenium.webdriver.firefox.webdriver.WebDriver (session=\"bf4d3359-b1cf-42ce-834e-499e5bbb5b5b\")>"}, {"name": "random_user_data", "value": "{'name': 'b10hgb', 'email': 'hsvzugrq@test.com', 'password': 'f1jb0ts08i'}"}], "start": 1736699996687, "stop": 1736699998118}], "parameters": [{"name": "driver", "value": "'firefox'"}], "start": 1736699996687, "stop": 1736699998119, "uuid": "4c3e721a-7705-4371-a9dc-24533d277b74", "historyId": "83cf04c37c6cc574610eaf4c6fb81b71", "testCaseId": "33099f078a0b9cba5a0dea96ba01c585", "fullName": "tests.test_forgot_password_page.TestForgotPasswordPage#test_password_field_activation_on_show_password_click", "labels": [{"name": "epic", "value": "Тесты страницы восстановления пароля"}, {"name": "parentSuite", "value": "tests"}, {"name": "suite", "value": "test_forgot_password_page"}, {"name": "subSuite", "value": "TestForgotPasswordPage"}, {"name": "host", "value": "Oxanas-MacBook-Pro.local"}, {"name": "thread", "value": "57617-MainThread"}, {"name": "framework", "value": "pytest"}, {"name": "language", "value": "cpython3"}, {"name": "package", "value": "tests.test_forgot_password_page"}]}