{"uid":"46bed4787057c0d3","name":"test_last_user_order_displayed_correctly[firefox-locator1]","fullName":"tests.test_feed_page.TestFeedPage#test_last_user_order_displayed_correctly","historyId":"9de40f5e39df9578a3c4b7732c0d5a43","time":{"start":1736879911849,"stop":1736879920088,"duration":8239},"status":"broken","statusMessage":"selenium.common.exceptions.TimeoutException: Message: Текст '169708' не появился в элементе ('xpath', '//ul[contains(@class, \"OrderFeed_orderListReady\")]/li[1]')","statusTrace":"self = <tests.test_feed_page.TestFeedPage object at 0x1042618b0>\ndriver = <selenium.webdriver.firefox.webdriver.WebDriver (session=\"b73a80d6-1ddc-4b50-bba4-eda4fa1b7172\")>\nlogged_in_user = {'email': 'h5uyn2en@test.com', 'name': 'n25r80', 'password': 'g91fmi12wj'}\nlocator = ('xpath', '//ul[contains(@class, \"OrderFeed_orderListReady\")]/li[1]')\n\n    @allure.story(\"Проверка отображения последнего созданного заказа в ленте\")\n    @pytest.mark.parametrize(\n        \"locator\",\n        [\n            FeedPageLocators.LAST_ORDER_NUMBER,\n            FeedPageLocators.ORDER_IN_PROGRESS\n        ]\n    )\n    def test_last_user_order_displayed_correctly(self, driver, logged_in_user, locator):\n        feed_page = FeedPage(driver)\n        feed_page.open()\n    \n        order = OrderHelper.create_order_with_login(\n            logged_in_user['email'], logged_in_user['password'], Ingredients.DEFAULT_INGREDIENTS\n        )\n        created_order_number = str(order[\"order\"][\"number\"])\n    \n>       feed_page.wait_for_text_in_element(locator, created_order_number)\n\ntests/test_feed_page.py:60: \n_ _ _ _ _ _ _ _ _ _ _ _ _ _ _ _ _ _ _ _ _ _ _ _ _ _ _ _ _ _ _ _ _ _ _ _ _ _ _ _ _ _ _ _ _ _ _ _ _ _ _ _ _ _ _ _ _ _ _ _ _ _ _ _ _ _ _ _ _ _ _ _ _ _ _ _ _ _ _ _ _ _\npages/base_page.py:77: in wait_for_text_in_element\n    WebDriverWait(self.driver, 5).until(\n_ _ _ _ _ _ _ _ _ _ _ _ _ _ _ _ _ _ _ _ _ _ _ _ _ _ _ _ _ _ _ _ _ _ _ _ _ _ _ _ _ _ _ _ _ _ _ _ _ _ _ _ _ _ _ _ _ _ _ _ _ _ _ _ _ _ _ _ _ _ _ _ _ _ _ _ _ _ _ _ _ _\n\nself = <selenium.webdriver.support.wait.WebDriverWait (session=\"b73a80d6-1ddc-4b50-bba4-eda4fa1b7172\")>\nmethod = <function text_to_be_present_in_element.<locals>._predicate at 0x103bb1670>\nmessage = 'Текст \\'169708\\' не появился в элементе (\\'xpath\\', \\'//ul[contains(@class, \"OrderFeed_orderListReady\")]/li[1]\\')'\n\n    def until(self, method: Callable[[D], Union[Literal[False], T]], message: str = \"\") -> T:\n        \"\"\"Calls the method provided with the driver as an argument until the \\\n        return value does not evaluate to ``False``.\n    \n        :param method: callable(WebDriver)\n        :param message: optional message for :exc:`TimeoutException`\n        :returns: the result of the last call to `method`\n        :raises: :exc:`selenium.common.exceptions.TimeoutException` if timeout occurs\n        \"\"\"\n        screen = None\n        stacktrace = None\n    \n        end_time = time.monotonic() + self._timeout\n        while True:\n            try:\n                value = method(self._driver)\n                if value:\n                    return value\n            except self._ignored_exceptions as exc:\n                screen = getattr(exc, \"screen\", None)\n                stacktrace = getattr(exc, \"stacktrace\", None)\n            time.sleep(self._poll)\n            if time.monotonic() > end_time:\n                break\n>       raise TimeoutException(message, screen, stacktrace)\nE       selenium.common.exceptions.TimeoutException: Message: Текст '169708' не появился в элементе ('xpath', '//ul[contains(@class, \"OrderFeed_orderListReady\")]/li[1]')\n\n../../../pycharm_project/qa_python4/.venv/lib/python3.9/site-packages/selenium/webdriver/support/wait.py:105: TimeoutException","flaky":false,"newFailed":false,"newBroken":false,"newPassed":false,"retriesCount":0,"retriesStatusChange":false,"beforeStages":[{"name":"driver","time":{"start":1736879907604,"stop":1736879909521,"duration":1917},"status":"passed","steps":[],"attachments":[],"parameters":[],"shouldDisplayMessage":false,"attachmentsCount":0,"attachmentStep":false,"stepsCount":0,"hasContent":false},{"name":"random_user_data","time":{"start":1736879909522,"stop":1736879909522,"duration":0},"status":"passed","steps":[],"attachments":[],"parameters":[],"shouldDisplayMessage":false,"attachmentsCount":0,"attachmentStep":false,"stepsCount":0,"hasContent":false},{"name":"created_user","time":{"start":1736879909522,"stop":1736879909894,"duration":372},"status":"passed","steps":[],"attachments":[],"parameters":[],"shouldDisplayMessage":false,"attachmentsCount":0,"attachmentStep":false,"stepsCount":0,"hasContent":false},{"name":"logged_in_user","time":{"start":1736879909894,"stop":1736879911848,"duration":1954},"status":"passed","steps":[],"attachments":[],"parameters":[],"shouldDisplayMessage":false,"attachmentsCount":0,"attachmentStep":false,"stepsCount":0,"hasContent":false}],"testStage":{"status":"broken","statusMessage":"selenium.common.exceptions.TimeoutException: Message: Текст '169708' не появился в элементе ('xpath', '//ul[contains(@class, \"OrderFeed_orderListReady\")]/li[1]')","statusTrace":"self = <tests.test_feed_page.TestFeedPage object at 0x1042618b0>\ndriver = <selenium.webdriver.firefox.webdriver.WebDriver (session=\"b73a80d6-1ddc-4b50-bba4-eda4fa1b7172\")>\nlogged_in_user = {'email': 'h5uyn2en@test.com', 'name': 'n25r80', 'password': 'g91fmi12wj'}\nlocator = ('xpath', '//ul[contains(@class, \"OrderFeed_orderListReady\")]/li[1]')\n\n    @allure.story(\"Проверка отображения последнего созданного заказа в ленте\")\n    @pytest.mark.parametrize(\n        \"locator\",\n        [\n            FeedPageLocators.LAST_ORDER_NUMBER,\n            FeedPageLocators.ORDER_IN_PROGRESS\n        ]\n    )\n    def test_last_user_order_displayed_correctly(self, driver, logged_in_user, locator):\n        feed_page = FeedPage(driver)\n        feed_page.open()\n    \n        order = OrderHelper.create_order_with_login(\n            logged_in_user['email'], logged_in_user['password'], Ingredients.DEFAULT_INGREDIENTS\n        )\n        created_order_number = str(order[\"order\"][\"number\"])\n    \n>       feed_page.wait_for_text_in_element(locator, created_order_number)\n\ntests/test_feed_page.py:60: \n_ _ _ _ _ _ _ _ _ _ _ _ _ _ _ _ _ _ _ _ _ _ _ _ _ _ _ _ _ _ _ _ _ _ _ _ _ _ _ _ _ _ _ _ _ _ _ _ _ _ _ _ _ _ _ _ _ _ _ _ _ _ _ _ _ _ _ _ _ _ _ _ _ _ _ _ _ _ _ _ _ _\npages/base_page.py:77: in wait_for_text_in_element\n    WebDriverWait(self.driver, 5).until(\n_ _ _ _ _ _ _ _ _ _ _ _ _ _ _ _ _ _ _ _ _ _ _ _ _ _ _ _ _ _ _ _ _ _ _ _ _ _ _ _ _ _ _ _ _ _ _ _ _ _ _ _ _ _ _ _ _ _ _ _ _ _ _ _ _ _ _ _ _ _ _ _ _ _ _ _ _ _ _ _ _ _\n\nself = <selenium.webdriver.support.wait.WebDriverWait (session=\"b73a80d6-1ddc-4b50-bba4-eda4fa1b7172\")>\nmethod = <function text_to_be_present_in_element.<locals>._predicate at 0x103bb1670>\nmessage = 'Текст \\'169708\\' не появился в элементе (\\'xpath\\', \\'//ul[contains(@class, \"OrderFeed_orderListReady\")]/li[1]\\')'\n\n    def until(self, method: Callable[[D], Union[Literal[False], T]], message: str = \"\") -> T:\n        \"\"\"Calls the method provided with the driver as an argument until the \\\n        return value does not evaluate to ``False``.\n    \n        :param method: callable(WebDriver)\n        :param message: optional message for :exc:`TimeoutException`\n        :returns: the result of the last call to `method`\n        :raises: :exc:`selenium.common.exceptions.TimeoutException` if timeout occurs\n        \"\"\"\n        screen = None\n        stacktrace = None\n    \n        end_time = time.monotonic() + self._timeout\n        while True:\n            try:\n                value = method(self._driver)\n                if value:\n                    return value\n            except self._ignored_exceptions as exc:\n                screen = getattr(exc, \"screen\", None)\n                stacktrace = getattr(exc, \"stacktrace\", None)\n            time.sleep(self._poll)\n            if time.monotonic() > end_time:\n                break\n>       raise TimeoutException(message, screen, stacktrace)\nE       selenium.common.exceptions.TimeoutException: Message: Текст '169708' не появился в элементе ('xpath', '//ul[contains(@class, \"OrderFeed_orderListReady\")]/li[1]')\n\n../../../pycharm_project/qa_python4/.venv/lib/python3.9/site-packages/selenium/webdriver/support/wait.py:105: TimeoutException","steps":[{"name":"Открыть страницу ленты заказов","time":{"start":1736879911850,"stop":1736879912199,"duration":349},"status":"passed","steps":[{"name":"Открыть страницу: 'https://stellarburgers.nomoreparties.site/feed'","time":{"start":1736879911850,"stop":1736879912199,"duration":349},"status":"passed","steps":[],"attachments":[],"parameters":[{"name":"url","value":"'https://stellarburgers.nomoreparties.site/feed'"}],"shouldDisplayMessage":false,"attachmentsCount":0,"attachmentStep":false,"stepsCount":0,"hasContent":true}],"attachments":[],"parameters":[],"shouldDisplayMessage":false,"attachmentsCount":0,"attachmentStep":false,"stepsCount":1,"hasContent":true},{"name":"Ожидаю появления текста ''169708'' в элементе: ('xpath', '//ul[contains(@class, \"OrderFeed_orderListReady\")]/li[1]')","time":{"start":1736879914825,"stop":1736879920075,"duration":5250},"status":"broken","statusMessage":"selenium.common.exceptions.TimeoutException: Message: Текст '169708' не появился в элементе ('xpath', '//ul[contains(@class, \"OrderFeed_orderListReady\")]/li[1]')\n\n","statusTrace":"  File \"/Users/oxanaklimocheva/Documents/pycharm_project/qa_python4/.venv/lib/python3.9/site-packages/allure_commons/_allure.py\", line 192, in impl\n    return func(*a, **kw)\n  File \"/Users/oxanaklimocheva/Documents/yandex/diplom/diplom_UI/pages/base_page.py\", line 77, in wait_for_text_in_element\n    WebDriverWait(self.driver, 5).until(\n  File \"/Users/oxanaklimocheva/Documents/pycharm_project/qa_python4/.venv/lib/python3.9/site-packages/selenium/webdriver/support/wait.py\", line 105, in until\n    raise TimeoutException(message, screen, stacktrace)\n","steps":[],"attachments":[],"parameters":[{"name":"locator","value":"('xpath', '//ul[contains(@class, \"OrderFeed_orderListReady\")]/li[1]')"},{"name":"expected_text","value":"'169708'"}],"shouldDisplayMessage":true,"attachmentsCount":0,"attachmentStep":false,"stepsCount":0,"hasContent":true}],"attachments":[],"parameters":[],"shouldDisplayMessage":true,"attachmentsCount":0,"attachmentStep":false,"stepsCount":3,"hasContent":true},"afterStages":[{"name":"created_user::0","time":{"start":1736879920143,"stop":1736879920845,"duration":702},"status":"passed","steps":[],"attachments":[],"parameters":[],"shouldDisplayMessage":false,"attachmentsCount":0,"attachmentStep":false,"stepsCount":0,"hasContent":false},{"name":"driver::0","time":{"start":1736879920848,"stop":1736879921416,"duration":568},"status":"passed","steps":[],"attachments":[],"parameters":[],"shouldDisplayMessage":false,"attachmentsCount":0,"attachmentStep":false,"stepsCount":0,"hasContent":false}],"labels":[{"name":"story","value":"Проверка отображения последнего созданного заказа в ленте"},{"name":"epic","value":"Тесты страницы ленты заказов"},{"name":"parentSuite","value":"tests"},{"name":"suite","value":"test_feed_page"},{"name":"subSuite","value":"TestFeedPage"},{"name":"host","value":"Oxanas-MacBook-Pro.local"},{"name":"thread","value":"84543-MainThread"},{"name":"framework","value":"pytest"},{"name":"language","value":"cpython3"},{"name":"package","value":"tests.test_feed_page"},{"name":"resultFormat","value":"allure2"}],"parameters":[{"name":"driver","value":"'firefox'"},{"name":"locator","value":"('xpath', '//ul[contains(@class, \"OrderFeed_orderListReady\")]/li[1]')"}],"links":[],"hidden":true,"retry":true,"extra":{"categories":[],"tags":[]},"source":"46bed4787057c0d3.json","parameterValues":["'firefox'","('xpath', '//ul[contains(@class, \"OrderFeed_orderListReady\")]/li[1]')"]}