{"uid":"b6d2fdf584c8a0a7","name":"test_navigate_to_the_forgot_password_page[firefox]","fullName":"tests.test_login_page.TestLoginPage#test_navigate_to_the_forgot_password_page","historyId":"8d5270a054a8e60e76c6d6045b5ee8d7","time":{"start":1736701086421,"stop":1736701087919,"duration":1498},"status":"broken","statusMessage":"selenium.common.exceptions.ElementClickInterceptedException: Message: Element <a class=\"Auth_link__1fOlj\" href=\"/forgot-password\"> is not clickable at point (711,640) because another element <div class=\"Modal_modal_overlay__x2ZCr\"> obscures it\nStacktrace:\nRemoteError@chrome://remote/content/shared/RemoteError.sys.mjs:8:8\nWebDriverError@chrome://remote/content/shared/webdriver/Errors.sys.mjs:193:5\nElementClickInterceptedError@chrome://remote/content/shared/webdriver/Errors.sys.mjs:337:5\nwebdriverClickElement@chrome://remote/content/marionette/interaction.sys.mjs:177:11\ninteraction.clickElement@chrome://remote/content/marionette/interaction.sys.mjs:136:11\nclickElement@chrome://remote/content/marionette/actors/MarionetteCommandsChild.sys.mjs:205:29\nreceiveMessage@chrome://remote/content/marionette/actors/MarionetteCommandsChild.sys.mjs:85:31","statusTrace":"self = <tests.test_login_page.TestLoginPage object at 0x1069d9e50>\ndriver = <selenium.webdriver.firefox.webdriver.WebDriver (session=\"18125edf-7f59-4b6f-88ab-fa76b4ddb2c3\")>\n\n    @allure.step(\"Проверить переход на страницу восстановления пароля\")\n    def test_navigate_to_the_forgot_password_page(self, driver):\n        login_page = LoginPage(driver)\n        login_page.open()\n>       login_page.click_to_the_forgot_password_page_button()\n\ntests/test_login_page.py:13: \n_ _ _ _ _ _ _ _ _ _ _ _ _ _ _ _ _ _ _ _ _ _ _ _ _ _ _ _ _ _ _ _ _ _ _ _ _ _ _ _ _ _ _ _ _ _ _ _ _ _ _ _ _ _ _ _ _ _ _ _ _ _ _ _ _ _ _ _ _ _ _ _ _ _ _ _ _ _ _ _ _ _\npages/login_page.py:15: in click_to_the_forgot_password_page_button\n    self.click_to_element(LoginPageLocators.FORGOT_PASSWORD_BUTTON)\npages/base_page.py:26: in click_to_element\n    self.driver.find_element(*locator).click()\n../../../pycharm_project/qa_python4/.venv/lib/python3.9/site-packages/selenium/webdriver/remote/webelement.py:94: in click\n    self._execute(Command.CLICK_ELEMENT)\n../../../pycharm_project/qa_python4/.venv/lib/python3.9/site-packages/selenium/webdriver/remote/webelement.py:395: in _execute\n    return self._parent.execute(command, params)\n../../../pycharm_project/qa_python4/.venv/lib/python3.9/site-packages/selenium/webdriver/remote/webdriver.py:354: in execute\n    self.error_handler.check_response(response)\n_ _ _ _ _ _ _ _ _ _ _ _ _ _ _ _ _ _ _ _ _ _ _ _ _ _ _ _ _ _ _ _ _ _ _ _ _ _ _ _ _ _ _ _ _ _ _ _ _ _ _ _ _ _ _ _ _ _ _ _ _ _ _ _ _ _ _ _ _ _ _ _ _ _ _ _ _ _ _ _ _ _\n\nself = <selenium.webdriver.remote.errorhandler.ErrorHandler object at 0x106a2db20>\nresponse = {'status': 400, 'value': '{\"value\":{\"error\":\"element click intercepted\",\"message\":\"Element <a class=\\\\\"Auth_link__1fOl...sys.mjs:205:29\\\\nreceiveMessage@chrome://remote/content/marionette/actors/MarionetteCommandsChild.sys.mjs:85:31\\\\n\"}}'}\n\n    def check_response(self, response: Dict[str, Any]) -> None:\n        \"\"\"Checks that a JSON response from the WebDriver does not have an\n        error.\n    \n        :Args:\n         - response - The JSON response from the WebDriver server as a dictionary\n           object.\n    \n        :Raises: If the response contains an error message.\n        \"\"\"\n        status = response.get(\"status\", None)\n        if not status or status == ErrorCode.SUCCESS:\n            return\n        value = None\n        message = response.get(\"message\", \"\")\n        screen: str = response.get(\"screen\", \"\")\n        stacktrace = None\n        if isinstance(status, int):\n            value_json = response.get(\"value\", None)\n            if value_json and isinstance(value_json, str):\n                import json\n    \n                try:\n                    value = json.loads(value_json)\n                    if len(value) == 1:\n                        value = value[\"value\"]\n                    status = value.get(\"error\", None)\n                    if not status:\n                        status = value.get(\"status\", ErrorCode.UNKNOWN_ERROR)\n                        message = value.get(\"value\") or value.get(\"message\")\n                        if not isinstance(message, str):\n                            value = message\n                            message = message.get(\"message\")\n                    else:\n                        message = value.get(\"message\", None)\n                except ValueError:\n                    pass\n    \n        exception_class: Type[WebDriverException]\n        e = ErrorCode()\n        error_codes = [item for item in dir(e) if not item.startswith(\"__\")]\n        for error_code in error_codes:\n            error_info = getattr(ErrorCode, error_code)\n            if isinstance(error_info, list) and status in error_info:\n                exception_class = getattr(ExceptionMapping, error_code, WebDriverException)\n                break\n        else:\n            exception_class = WebDriverException\n    \n        if not value:\n            value = response[\"value\"]\n        if isinstance(value, str):\n            raise exception_class(value)\n        if message == \"\" and \"message\" in value:\n            message = value[\"message\"]\n    \n        screen = None  # type: ignore[assignment]\n        if \"screen\" in value:\n            screen = value[\"screen\"]\n    \n        stacktrace = None\n        st_value = value.get(\"stackTrace\") or value.get(\"stacktrace\")\n        if st_value:\n            if isinstance(st_value, str):\n                stacktrace = st_value.split(\"\\n\")\n            else:\n                stacktrace = []\n                try:\n                    for frame in st_value:\n                        line = frame.get(\"lineNumber\", \"\")\n                        file = frame.get(\"fileName\", \"<anonymous>\")\n                        if line:\n                            file = f\"{file}:{line}\"\n                        meth = frame.get(\"methodName\", \"<anonymous>\")\n                        if \"className\" in frame:\n                            meth = f\"{frame['className']}.{meth}\"\n                        msg = \"    at %s (%s)\"\n                        msg = msg % (meth, file)\n                        stacktrace.append(msg)\n                except TypeError:\n                    pass\n        if exception_class == UnexpectedAlertPresentException:\n            alert_text = None\n            if \"data\" in value:\n                alert_text = value[\"data\"].get(\"text\")\n            elif \"alert\" in value:\n                alert_text = value[\"alert\"].get(\"text\")\n            raise exception_class(message, screen, stacktrace, alert_text)  # type: ignore[call-arg]  # mypy is not smart enough here\n>       raise exception_class(message, screen, stacktrace)\nE       selenium.common.exceptions.ElementClickInterceptedException: Message: Element <a class=\"Auth_link__1fOlj\" href=\"/forgot-password\"> is not clickable at point (711,640) because another element <div class=\"Modal_modal_overlay__x2ZCr\"> obscures it\nE       Stacktrace:\nE       RemoteError@chrome://remote/content/shared/RemoteError.sys.mjs:8:8\nE       WebDriverError@chrome://remote/content/shared/webdriver/Errors.sys.mjs:193:5\nE       ElementClickInterceptedError@chrome://remote/content/shared/webdriver/Errors.sys.mjs:337:5\nE       webdriverClickElement@chrome://remote/content/marionette/interaction.sys.mjs:177:11\nE       interaction.clickElement@chrome://remote/content/marionette/interaction.sys.mjs:136:11\nE       clickElement@chrome://remote/content/marionette/actors/MarionetteCommandsChild.sys.mjs:205:29\nE       receiveMessage@chrome://remote/content/marionette/actors/MarionetteCommandsChild.sys.mjs:85:31\n\n../../../pycharm_project/qa_python4/.venv/lib/python3.9/site-packages/selenium/webdriver/remote/errorhandler.py:229: ElementClickInterceptedException","flaky":false,"newFailed":false,"newBroken":false,"newPassed":false,"retriesCount":0,"retriesStatusChange":false,"beforeStages":[{"name":"driver","time":{"start":1736701084694,"stop":1736701086420,"duration":1726},"status":"passed","steps":[],"attachments":[],"parameters":[],"shouldDisplayMessage":false,"attachmentsCount":0,"attachmentStep":false,"stepsCount":0,"hasContent":false}],"testStage":{"status":"broken","statusMessage":"selenium.common.exceptions.ElementClickInterceptedException: Message: Element <a class=\"Auth_link__1fOlj\" href=\"/forgot-password\"> is not clickable at point (711,640) because another element <div class=\"Modal_modal_overlay__x2ZCr\"> obscures it\nStacktrace:\nRemoteError@chrome://remote/content/shared/RemoteError.sys.mjs:8:8\nWebDriverError@chrome://remote/content/shared/webdriver/Errors.sys.mjs:193:5\nElementClickInterceptedError@chrome://remote/content/shared/webdriver/Errors.sys.mjs:337:5\nwebdriverClickElement@chrome://remote/content/marionette/interaction.sys.mjs:177:11\ninteraction.clickElement@chrome://remote/content/marionette/interaction.sys.mjs:136:11\nclickElement@chrome://remote/content/marionette/actors/MarionetteCommandsChild.sys.mjs:205:29\nreceiveMessage@chrome://remote/content/marionette/actors/MarionetteCommandsChild.sys.mjs:85:31","statusTrace":"self = <tests.test_login_page.TestLoginPage object at 0x1069d9e50>\ndriver = <selenium.webdriver.firefox.webdriver.WebDriver (session=\"18125edf-7f59-4b6f-88ab-fa76b4ddb2c3\")>\n\n    @allure.step(\"Проверить переход на страницу восстановления пароля\")\n    def test_navigate_to_the_forgot_password_page(self, driver):\n        login_page = LoginPage(driver)\n        login_page.open()\n>       login_page.click_to_the_forgot_password_page_button()\n\ntests/test_login_page.py:13: \n_ _ _ _ _ _ _ _ _ _ _ _ _ _ _ _ _ _ _ _ _ _ _ _ _ _ _ _ _ _ _ _ _ _ _ _ _ _ _ _ _ _ _ _ _ _ _ _ _ _ _ _ _ _ _ _ _ _ _ _ _ _ _ _ _ _ _ _ _ _ _ _ _ _ _ _ _ _ _ _ _ _\npages/login_page.py:15: in click_to_the_forgot_password_page_button\n    self.click_to_element(LoginPageLocators.FORGOT_PASSWORD_BUTTON)\npages/base_page.py:26: in click_to_element\n    self.driver.find_element(*locator).click()\n../../../pycharm_project/qa_python4/.venv/lib/python3.9/site-packages/selenium/webdriver/remote/webelement.py:94: in click\n    self._execute(Command.CLICK_ELEMENT)\n../../../pycharm_project/qa_python4/.venv/lib/python3.9/site-packages/selenium/webdriver/remote/webelement.py:395: in _execute\n    return self._parent.execute(command, params)\n../../../pycharm_project/qa_python4/.venv/lib/python3.9/site-packages/selenium/webdriver/remote/webdriver.py:354: in execute\n    self.error_handler.check_response(response)\n_ _ _ _ _ _ _ _ _ _ _ _ _ _ _ _ _ _ _ _ _ _ _ _ _ _ _ _ _ _ _ _ _ _ _ _ _ _ _ _ _ _ _ _ _ _ _ _ _ _ _ _ _ _ _ _ _ _ _ _ _ _ _ _ _ _ _ _ _ _ _ _ _ _ _ _ _ _ _ _ _ _\n\nself = <selenium.webdriver.remote.errorhandler.ErrorHandler object at 0x106a2db20>\nresponse = {'status': 400, 'value': '{\"value\":{\"error\":\"element click intercepted\",\"message\":\"Element <a class=\\\\\"Auth_link__1fOl...sys.mjs:205:29\\\\nreceiveMessage@chrome://remote/content/marionette/actors/MarionetteCommandsChild.sys.mjs:85:31\\\\n\"}}'}\n\n    def check_response(self, response: Dict[str, Any]) -> None:\n        \"\"\"Checks that a JSON response from the WebDriver does not have an\n        error.\n    \n        :Args:\n         - response - The JSON response from the WebDriver server as a dictionary\n           object.\n    \n        :Raises: If the response contains an error message.\n        \"\"\"\n        status = response.get(\"status\", None)\n        if not status or status == ErrorCode.SUCCESS:\n            return\n        value = None\n        message = response.get(\"message\", \"\")\n        screen: str = response.get(\"screen\", \"\")\n        stacktrace = None\n        if isinstance(status, int):\n            value_json = response.get(\"value\", None)\n            if value_json and isinstance(value_json, str):\n                import json\n    \n                try:\n                    value = json.loads(value_json)\n                    if len(value) == 1:\n                        value = value[\"value\"]\n                    status = value.get(\"error\", None)\n                    if not status:\n                        status = value.get(\"status\", ErrorCode.UNKNOWN_ERROR)\n                        message = value.get(\"value\") or value.get(\"message\")\n                        if not isinstance(message, str):\n                            value = message\n                            message = message.get(\"message\")\n                    else:\n                        message = value.get(\"message\", None)\n                except ValueError:\n                    pass\n    \n        exception_class: Type[WebDriverException]\n        e = ErrorCode()\n        error_codes = [item for item in dir(e) if not item.startswith(\"__\")]\n        for error_code in error_codes:\n            error_info = getattr(ErrorCode, error_code)\n            if isinstance(error_info, list) and status in error_info:\n                exception_class = getattr(ExceptionMapping, error_code, WebDriverException)\n                break\n        else:\n            exception_class = WebDriverException\n    \n        if not value:\n            value = response[\"value\"]\n        if isinstance(value, str):\n            raise exception_class(value)\n        if message == \"\" and \"message\" in value:\n            message = value[\"message\"]\n    \n        screen = None  # type: ignore[assignment]\n        if \"screen\" in value:\n            screen = value[\"screen\"]\n    \n        stacktrace = None\n        st_value = value.get(\"stackTrace\") or value.get(\"stacktrace\")\n        if st_value:\n            if isinstance(st_value, str):\n                stacktrace = st_value.split(\"\\n\")\n            else:\n                stacktrace = []\n                try:\n                    for frame in st_value:\n                        line = frame.get(\"lineNumber\", \"\")\n                        file = frame.get(\"fileName\", \"<anonymous>\")\n                        if line:\n                            file = f\"{file}:{line}\"\n                        meth = frame.get(\"methodName\", \"<anonymous>\")\n                        if \"className\" in frame:\n                            meth = f\"{frame['className']}.{meth}\"\n                        msg = \"    at %s (%s)\"\n                        msg = msg % (meth, file)\n                        stacktrace.append(msg)\n                except TypeError:\n                    pass\n        if exception_class == UnexpectedAlertPresentException:\n            alert_text = None\n            if \"data\" in value:\n                alert_text = value[\"data\"].get(\"text\")\n            elif \"alert\" in value:\n                alert_text = value[\"alert\"].get(\"text\")\n            raise exception_class(message, screen, stacktrace, alert_text)  # type: ignore[call-arg]  # mypy is not smart enough here\n>       raise exception_class(message, screen, stacktrace)\nE       selenium.common.exceptions.ElementClickInterceptedException: Message: Element <a class=\"Auth_link__1fOlj\" href=\"/forgot-password\"> is not clickable at point (711,640) because another element <div class=\"Modal_modal_overlay__x2ZCr\"> obscures it\nE       Stacktrace:\nE       RemoteError@chrome://remote/content/shared/RemoteError.sys.mjs:8:8\nE       WebDriverError@chrome://remote/content/shared/webdriver/Errors.sys.mjs:193:5\nE       ElementClickInterceptedError@chrome://remote/content/shared/webdriver/Errors.sys.mjs:337:5\nE       webdriverClickElement@chrome://remote/content/marionette/interaction.sys.mjs:177:11\nE       interaction.clickElement@chrome://remote/content/marionette/interaction.sys.mjs:136:11\nE       clickElement@chrome://remote/content/marionette/actors/MarionetteCommandsChild.sys.mjs:205:29\nE       receiveMessage@chrome://remote/content/marionette/actors/MarionetteCommandsChild.sys.mjs:85:31\n\n../../../pycharm_project/qa_python4/.venv/lib/python3.9/site-packages/selenium/webdriver/remote/errorhandler.py:229: ElementClickInterceptedException","steps":[{"name":"Проверить переход на страницу восстановления пароля","time":{"start":1736701086421,"stop":1736701087917,"duration":1496},"status":"broken","statusMessage":"selenium.common.exceptions.ElementClickInterceptedException: Message: Element <a class=\"Auth_link__1fOlj\" href=\"/forgot-password\"> is not clickable at point (711,640) because another element <div class=\"Modal_modal_overlay__x2ZCr\"> obscures it\nStacktrace:\nRemoteError@chrome://remote/content/shared/RemoteError.sys.mjs:8:8\nWebDriverError@chrome://remote/content/shared/webdriver/Errors.sys.mjs:193:5\nElementClickInterceptedError@chrome://remote/content/shared/webdriver/Errors.sys.mjs:337:5\nwebdriverClickElement@chrome://remote/content/marionette/interaction.sys.mjs:177:11\ninteraction.clickElement@chrome://remote/content/marionette/interaction.sys.mjs:136:11\nclickElement@chrome://remote/content/marionette/actors/MarionetteCommandsChild.sys.mjs:205:29\nreceiveMessage@chrome://remote/content/marionette/actors/MarionetteCommandsChild.sys.mjs:85:31\n\n","statusTrace":"  File \"/Users/oxanaklimocheva/Documents/pycharm_project/qa_python4/.venv/lib/python3.9/site-packages/allure_commons/_allure.py\", line 192, in impl\n    return func(*a, **kw)\n  File \"/Users/oxanaklimocheva/Documents/yandex/diplom/diplom_UI/tests/test_login_page.py\", line 13, in test_navigate_to_the_forgot_password_page\n    login_page.click_to_the_forgot_password_page_button()\n  File \"/Users/oxanaklimocheva/Documents/pycharm_project/qa_python4/.venv/lib/python3.9/site-packages/allure_commons/_allure.py\", line 192, in impl\n    return func(*a, **kw)\n  File \"/Users/oxanaklimocheva/Documents/yandex/diplom/diplom_UI/pages/login_page.py\", line 15, in click_to_the_forgot_password_page_button\n    self.click_to_element(LoginPageLocators.FORGOT_PASSWORD_BUTTON)\n  File \"/Users/oxanaklimocheva/Documents/pycharm_project/qa_python4/.venv/lib/python3.9/site-packages/allure_commons/_allure.py\", line 192, in impl\n    return func(*a, **kw)\n  File \"/Users/oxanaklimocheva/Documents/yandex/diplom/diplom_UI/pages/base_page.py\", line 26, in click_to_element\n    self.driver.find_element(*locator).click()\n  File \"/Users/oxanaklimocheva/Documents/pycharm_project/qa_python4/.venv/lib/python3.9/site-packages/selenium/webdriver/remote/webelement.py\", line 94, in click\n    self._execute(Command.CLICK_ELEMENT)\n  File \"/Users/oxanaklimocheva/Documents/pycharm_project/qa_python4/.venv/lib/python3.9/site-packages/selenium/webdriver/remote/webelement.py\", line 395, in _execute\n    return self._parent.execute(command, params)\n  File \"/Users/oxanaklimocheva/Documents/pycharm_project/qa_python4/.venv/lib/python3.9/site-packages/selenium/webdriver/remote/webdriver.py\", line 354, in execute\n    self.error_handler.check_response(response)\n  File \"/Users/oxanaklimocheva/Documents/pycharm_project/qa_python4/.venv/lib/python3.9/site-packages/selenium/webdriver/remote/errorhandler.py\", line 229, in check_response\n    raise exception_class(message, screen, stacktrace)\n","steps":[{"name":"Открыть страницу входа","time":{"start":1736701086421,"stop":1736701087881,"duration":1460},"status":"passed","steps":[{"name":"Открыть страницу: 'https://stellarburgers.nomoreparties.site/login'","time":{"start":1736701086421,"stop":1736701087881,"duration":1460},"status":"passed","steps":[],"attachments":[],"parameters":[{"name":"url","value":"'https://stellarburgers.nomoreparties.site/login'"}],"shouldDisplayMessage":false,"attachmentsCount":0,"attachmentStep":false,"stepsCount":0,"hasContent":true}],"attachments":[],"parameters":[],"shouldDisplayMessage":false,"attachmentsCount":0,"attachmentStep":false,"stepsCount":1,"hasContent":true},{"name":"Перейти на страницу восстановления пароля","time":{"start":1736701087882,"stop":1736701087915,"duration":33},"status":"broken","statusMessage":"selenium.common.exceptions.ElementClickInterceptedException: Message: Element <a class=\"Auth_link__1fOlj\" href=\"/forgot-password\"> is not clickable at point (711,640) because another element <div class=\"Modal_modal_overlay__x2ZCr\"> obscures it\nStacktrace:\nRemoteError@chrome://remote/content/shared/RemoteError.sys.mjs:8:8\nWebDriverError@chrome://remote/content/shared/webdriver/Errors.sys.mjs:193:5\nElementClickInterceptedError@chrome://remote/content/shared/webdriver/Errors.sys.mjs:337:5\nwebdriverClickElement@chrome://remote/content/marionette/interaction.sys.mjs:177:11\ninteraction.clickElement@chrome://remote/content/marionette/interaction.sys.mjs:136:11\nclickElement@chrome://remote/content/marionette/actors/MarionetteCommandsChild.sys.mjs:205:29\nreceiveMessage@chrome://remote/content/marionette/actors/MarionetteCommandsChild.sys.mjs:85:31\n\n","statusTrace":"  File \"/Users/oxanaklimocheva/Documents/pycharm_project/qa_python4/.venv/lib/python3.9/site-packages/allure_commons/_allure.py\", line 192, in impl\n    return func(*a, **kw)\n  File \"/Users/oxanaklimocheva/Documents/yandex/diplom/diplom_UI/pages/login_page.py\", line 15, in click_to_the_forgot_password_page_button\n    self.click_to_element(LoginPageLocators.FORGOT_PASSWORD_BUTTON)\n  File \"/Users/oxanaklimocheva/Documents/pycharm_project/qa_python4/.venv/lib/python3.9/site-packages/allure_commons/_allure.py\", line 192, in impl\n    return func(*a, **kw)\n  File \"/Users/oxanaklimocheva/Documents/yandex/diplom/diplom_UI/pages/base_page.py\", line 26, in click_to_element\n    self.driver.find_element(*locator).click()\n  File \"/Users/oxanaklimocheva/Documents/pycharm_project/qa_python4/.venv/lib/python3.9/site-packages/selenium/webdriver/remote/webelement.py\", line 94, in click\n    self._execute(Command.CLICK_ELEMENT)\n  File \"/Users/oxanaklimocheva/Documents/pycharm_project/qa_python4/.venv/lib/python3.9/site-packages/selenium/webdriver/remote/webelement.py\", line 395, in _execute\n    return self._parent.execute(command, params)\n  File \"/Users/oxanaklimocheva/Documents/pycharm_project/qa_python4/.venv/lib/python3.9/site-packages/selenium/webdriver/remote/webdriver.py\", line 354, in execute\n    self.error_handler.check_response(response)\n  File \"/Users/oxanaklimocheva/Documents/pycharm_project/qa_python4/.venv/lib/python3.9/site-packages/selenium/webdriver/remote/errorhandler.py\", line 229, in check_response\n    raise exception_class(message, screen, stacktrace)\n","steps":[{"name":"Кликнуть по элементу: ('xpath', '//*[@id=\"root\"]/div/main/div/div/p[2]/a[text() = \"Восстановить пароль\"]')","time":{"start":1736701087882,"stop":1736701087914,"duration":32},"status":"broken","statusMessage":"selenium.common.exceptions.ElementClickInterceptedException: Message: Element <a class=\"Auth_link__1fOlj\" href=\"/forgot-password\"> is not clickable at point (711,640) because another element <div class=\"Modal_modal_overlay__x2ZCr\"> obscures it\nStacktrace:\nRemoteError@chrome://remote/content/shared/RemoteError.sys.mjs:8:8\nWebDriverError@chrome://remote/content/shared/webdriver/Errors.sys.mjs:193:5\nElementClickInterceptedError@chrome://remote/content/shared/webdriver/Errors.sys.mjs:337:5\nwebdriverClickElement@chrome://remote/content/marionette/interaction.sys.mjs:177:11\ninteraction.clickElement@chrome://remote/content/marionette/interaction.sys.mjs:136:11\nclickElement@chrome://remote/content/marionette/actors/MarionetteCommandsChild.sys.mjs:205:29\nreceiveMessage@chrome://remote/content/marionette/actors/MarionetteCommandsChild.sys.mjs:85:31\n\n","statusTrace":"  File \"/Users/oxanaklimocheva/Documents/pycharm_project/qa_python4/.venv/lib/python3.9/site-packages/allure_commons/_allure.py\", line 192, in impl\n    return func(*a, **kw)\n  File \"/Users/oxanaklimocheva/Documents/yandex/diplom/diplom_UI/pages/base_page.py\", line 26, in click_to_element\n    self.driver.find_element(*locator).click()\n  File \"/Users/oxanaklimocheva/Documents/pycharm_project/qa_python4/.venv/lib/python3.9/site-packages/selenium/webdriver/remote/webelement.py\", line 94, in click\n    self._execute(Command.CLICK_ELEMENT)\n  File \"/Users/oxanaklimocheva/Documents/pycharm_project/qa_python4/.venv/lib/python3.9/site-packages/selenium/webdriver/remote/webelement.py\", line 395, in _execute\n    return self._parent.execute(command, params)\n  File \"/Users/oxanaklimocheva/Documents/pycharm_project/qa_python4/.venv/lib/python3.9/site-packages/selenium/webdriver/remote/webdriver.py\", line 354, in execute\n    self.error_handler.check_response(response)\n  File \"/Users/oxanaklimocheva/Documents/pycharm_project/qa_python4/.venv/lib/python3.9/site-packages/selenium/webdriver/remote/errorhandler.py\", line 229, in check_response\n    raise exception_class(message, screen, stacktrace)\n","steps":[],"attachments":[],"parameters":[{"name":"locator","value":"('xpath', '//*[@id=\"root\"]/div/main/div/div/p[2]/a[text() = \"Восстановить пароль\"]')"}],"shouldDisplayMessage":true,"attachmentsCount":0,"attachmentStep":false,"stepsCount":0,"hasContent":true}],"attachments":[],"parameters":[],"shouldDisplayMessage":false,"attachmentsCount":0,"attachmentStep":false,"stepsCount":1,"hasContent":true}],"attachments":[],"parameters":[{"name":"driver","value":"<selenium.webdriver.firefox.webdriver.WebDriver (session=\"18125edf-7f59-4b6f-88ab-fa76b4ddb2c3\")>"}],"shouldDisplayMessage":false,"attachmentsCount":0,"attachmentStep":false,"stepsCount":4,"hasContent":true}],"attachments":[],"parameters":[],"shouldDisplayMessage":true,"attachmentsCount":0,"attachmentStep":false,"stepsCount":5,"hasContent":true},"afterStages":[{"name":"driver::0","time":{"start":1736701087944,"stop":1736701088590,"duration":646},"status":"passed","steps":[],"attachments":[],"parameters":[],"shouldDisplayMessage":false,"attachmentsCount":0,"attachmentStep":false,"stepsCount":0,"hasContent":false}],"labels":[{"name":"epic","value":"Тесты страницы авторизации"},{"name":"parentSuite","value":"tests"},{"name":"suite","value":"test_login_page"},{"name":"subSuite","value":"TestLoginPage"},{"name":"host","value":"Oxanas-MacBook-Pro.local"},{"name":"thread","value":"65193-MainThread"},{"name":"framework","value":"pytest"},{"name":"language","value":"cpython3"},{"name":"package","value":"tests.test_login_page"},{"name":"resultFormat","value":"allure2"}],"parameters":[{"name":"driver","value":"'firefox'"}],"links":[],"hidden":true,"retry":true,"extra":{"categories":[],"tags":[]},"source":"b6d2fdf584c8a0a7.json","parameterValues":["'firefox'"]}